<?xml version="1.0" encoding="UTF-8"?>
<!-- Generated by org.testng.reporters.JUnitReportReporter -->
<testsuite hostname="DESKTOP-93VUU2T" failures="0" tests="1" name="Test.abc" time="4.978" errors="0" timestamp="27 Jan 2024 14:19:01 GMT" skipped="0">
  <testcase classname="Test.abc" name="test" time="4.978"/>
</testsuite> <!-- Test.abc -->
